********************************************************************************
PACKAGE-LOG: 2015-11-30 06:06:32
NOTICE: Do NOT post to public sites or forums 
********************************************************************************
VERSION:	0.5.34
WORDPRESS:	4.3.1
PHP INFO:	5.3.28 | SAPI: cgi-fcgi
SERVER:		Apache 
PHP TIME LIMIT: (0) no time limit imposed 
PHP MAX MEMORY: 5000M (96M default) 
MEMORY STACK: 66.75MB 

********************************************************************************
DATABASE:
********************************************************************************
BUILD MODE:   PHP(query limit - 100)
MYSQLTIMEOUT: 5000
MYSQLDUMP:    Not Supported 
TABLES: total:25 | filtered:0 | create:25 
FILTERED: [] 
SQL CREATED: 20151130_sajona_565be7237f2bb4978151130060523_database.sql 
file size:1608616 
SQL FILE SIZE: 1.53MB 
SQL FILE TIME: 2015-11-30 06:06:33 
SQL RUNTIME: 0.80 sec. 

******************************************************************************** 
ARCHIVE (ZIP): 
******************************************************************************** 
ARCHIVE DIR:  /home/sajona/public_html 
ARCHIVE FILE: 20151130_sajona_565be7237f2bb4978151130060523_archive.zip 
FILTERS: *OFF* 
DIRS:  not set 
EXTS:  not set 
---------------------------------------- 
COMPRESSING 
SIZE:	88.27MB 
STATS:	Dirs 589 | Files 4,325 
SQL ADDED: 20151130_sajona_565be7237f2bb4978151130060523_database.sql 
ZipArchive Object
(
    [status] => 0
    [statusSys] => 0
    [numFiles] => 4914
    [filename] => /home/sajona/public_html/wp-snapshots/tmp/20151130_sajona_565be7237f2bb4978151130060523_archive.zip
    [comment] => 
)
 
COMPRESSION RESULT: '1' 
COMPRESSED SIZE: 40.19MB 
ARCHIVE RUNTIME: 19.67 sec. 
MEMORY STACK: 68.5MB 

******************************************************************************** 
MAKE INSTALLER: 
******************************************************************************** 
Build Start 
Build Finished 
Preping for use 
Template parsed with new data 
Complete [/home/sajona/public_html/wp-snapshots/tmp/20151130_sajona_565be7237f2bb4978151130060523_installer.php] 
Added to archive 

******************************************************************************** 
INTEGRITY CHECKS: 
******************************************************************************** 
SQL File: 1.53MB 
Installer File: 317.95KB 
Archive File: 40.19MB  

********************************************************************************
RECORD ID:[1]
TOTAL PROCESS RUNTIME: 20.75 sec.
PEAK PHP MEMORY USED: 70.5MB
DONE PROCESSING => 20151130_sajona 2015-11-30 06:06:53
 
